Python 3.10.6
Tue Feb 28 17:47:23 2023       
+-----------------------------------------------------------------------------+
| NVIDIA-SMI 525.85.12    Driver Version: 525.85.12    CUDA Version: 12.0     |
|-------------------------------+----------------------+----------------------+
| GPU  Name        Persistence-M| Bus-Id        Disp.A | Volatile Uncorr. ECC |
| Fan  Temp  Perf  Pwr:Usage/Cap|         Memory-Usage | GPU-Util  Compute M. |
|                               |                      |               MIG M. |
|===============================+======================+======================|
|   0  NVIDIA TITAN RTX    On   | 00000000:01:00.0  On |                  N/A |
| 41%   38C    P8    23W / 280W |   2947MiB / 24576MiB |      1%      Default |
|                               |                      |                  N/A |
+-------------------------------+----------------------+----------------------+
                                                                               
+-----------------------------------------------------------------------------+
| Processes:                                                                  |
|  GPU   GI   CI        PID   Type   Process name                  GPU Memory |
|        ID   ID                                                   Usage      |
|=============================================================================|
|    0   N/A  N/A      2750      G   /usr/lib/xorg/Xorg                782MiB |
|    0   N/A  N/A      2887      G   /usr/bin/gnome-shell              127MiB |
|    0   N/A  N/A      6187      G   ...264630069861695650,131072        8MiB |
|    0   N/A  N/A      6342      G   ...AAAAAAAAA= --shared-files       44MiB |
|    0   N/A  N/A      6877      G   gnome-control-center                3MiB |
|    0   N/A  N/A      6960      G   ...914499048626749906,131072      100MiB |
|    0   N/A  N/A     44346      C   ...planations/env/bin/python     1874MiB |
+-----------------------------------------------------------------------------+
Karl
Node id: 0
24576 Mb available
Tue 28 Feb 2023 05:47:23 PM GMT
Traceback (most recent call last):
  File "/home/james/CodingProjects/TextNTabularExplanations/src/train.py", line 154, in <module>
    main()
  File "/home/james/CodingProjects/TextNTabularExplanations/src/train.py", line 36, in main
    yaml_args = next(
StopIteration
